


ARM Macro Assembler    Page 1 


    1 00000000         ;/******************************************************
                       ********************************************************
                       ****************************************
    2 00000000         ;* Copyright ¡§I 2016 <WIZnet Co.,Ltd.> 
    3 00000000         ;* Permission is hereby granted, free of charge, to any 
                       person obtaining a copy of this software and associated 
                       documentation files (the ¢®¡ÆSoftware¢®¡¾), 
    4 00000000         ;* to deal in the Software without restriction, includin
                       g without limitation the rights to use, copy, modify, me
                       rge, publish, distribute, sublicense, 
    5 00000000         ;* and/or sell copies of the Software, and to permit per
                       sons to whom the Software is furnished to do so, subject
                        to the following conditions:
    6 00000000         ;*
    7 00000000         ;* The above copyright notice and this permission notice
                        shall be included in all copies or substantial portions
                        of the Software.
    8 00000000         ;
    9 00000000         ;* THE SOFTWARE IS PROVIDED ¢®¡ÆAS IS¢®¡¾, WITHOUT WARRA
                       NTY OF ANY KIND, EXPRESS OR IMPLIED, INCLUDING BUT NOT L
                       IMITED TO THE WARRANTIES OF MERCHANTABILITY, 
   10 00000000         ;* FITNESS FOR A PARTICULAR PURPOSE AND NONINFRINGEMENT.
                        
   11 00000000         ;* IN NO EVENT SHALL THE AUTHORS OR COPYRIGHT HOLDERS BE
                        LIABLE FOR ANY CLAIM, DAMAGES OR OTHER LIABILITY, WHETH
                       ER IN AN ACTION OF CONTRACT, 
   12 00000000         ;* TORT OR OTHERWISE, ARISING FROM, OUT OF OR IN CONNECT
                       ION WITH THE SOFTWARE OR THE USE OR OTHER DEALINGS IN TH
                       E SOFTWARE.
   13 00000000         ;*******************************************************
                       ********************************************************
                       ******************************************/
   14 00000000         ;/******************************************************
                       ********************/
   15 00000000         ;/**
   16 00000000         ; * @file    startup_W7500x.s 
   17 00000000         ; * @author  IOP Team
   18 00000000         ; * @version V1.0.0
   19 00000000         ; * @date    01-May-2015
   20 00000000         ; * @brief   CMSIS Cortex-M0 Core Device Startup File fo
                       r Device W7500x
   21 00000000         ; ******************************************************
                       ************************
   22 00000000         ; *
   23 00000000         ; * @attention
   24 00000000         ; * @par Revision history
   25 00000000         ; *    <2015/05/01> 1st Release
   26 00000000         ; *
   27 00000000         ; * <h2><center>&copy; COPYRIGHT 2015 WIZnet Co.,Ltd.</c
                       enter></h2>
   28 00000000         ; ******************************************************
                       ************************
   29 00000000         ; */
   30 00000000         
   31 00000000         
   32 00000000         ; <h> Stack Configuration
   33 00000000         ;   <o> Stack Size (in Bytes) <0x0-0xFFFFFFFF:8>
   34 00000000         ; </h>
   35 00000000         



ARM Macro Assembler    Page 2 


   36 00000000 00000800 
                       Stack_Size
                               EQU              0x00000800
   37 00000000         
   38 00000000                 AREA             STACK, NOINIT, READWRITE, ALIGN
=3
   39 00000000         Stack_Mem
                               SPACE            Stack_Size
   40 00000800         __initial_sp
   41 00000800         
   42 00000800         
   43 00000800         ; <h> Heap Configuration
   44 00000800         ;   <o>  Heap Size (in Bytes) <0x0-0xFFFFFFFF:8>
   45 00000800         ; </h>
   46 00000800         
   47 00000800 00000400 
                       Heap_Size
                               EQU              0x00000400
   48 00000800         
   49 00000800                 AREA             HEAP, NOINIT, READWRITE, ALIGN=
3
   50 00000000         __heap_base
   51 00000000         Heap_Mem
                               SPACE            Heap_Size
   52 00000400         __heap_limit
   53 00000400         
   54 00000400         
   55 00000400                 PRESERVE8
   56 00000400                 THUMB
   57 00000400         
   58 00000400         
   59 00000400         ; Vector Table Mapped to Address 0 at Reset
   60 00000400         
   61 00000400                 AREA             RESET, DATA, READONLY
   62 00000000                 EXPORT           __Vectors
   63 00000000                 EXPORT           __Vectors_End
   64 00000000                 EXPORT           __Vectors_Size
   65 00000000         
   66 00000000 00000000 
                       __Vectors
                               DCD              __initial_sp ; Top of Stack
   67 00000004 00000000        DCD              Reset_Handler ; Reset Handler
   68 00000008 00000000        DCD              Remap_NMI_Handler ; NMI Handler
                                                            
   69 0000000C 00000000        DCD              Remap_HardFault_Handler ; Hard 
                                                            Fault Handler
   70 00000010 00000000        DCD              0           ; Reserved
   71 00000014 00000000        DCD              0           ; Reserved
   72 00000018 00000000        DCD              0           ; Reserved
   73 0000001C 00000000        DCD              0           ; Reserved
   74 00000020 00000000        DCD              0           ; Reserved
   75 00000024 00000000        DCD              0           ; Reserved
   76 00000028 00000000        DCD              0           ; Reserved
   77 0000002C 00000000        DCD              Remap_SVC_Handler 
                                                            ; SVCall Handler
   78 00000030 00000000        DCD              0           ; Reserved
   79 00000034 00000000        DCD              0           ; Reserved
   80 00000038 00000000        DCD              Remap_PendSV_Handler 
                                                            ; PendSV Handler



ARM Macro Assembler    Page 3 


   81 0000003C 00000000        DCD              Remap_SysTick_Handler 
                                                            ; SysTick Handler
   82 00000040 00000000        DCD              Remap_SSP0_Handler ; 16+ 0: SSP
                                                             0 Handler         
                                                                      
   83 00000044 00000000        DCD              Remap_SSP1_Handler ; 16+ 1: SSP
                                                             1 Handler         
                                                                      
   84 00000048 00000000        DCD              Remap_UART0_Handler ; 16+ 2: UA
                                                            RT 0 Handler       
                                                                       
   85 0000004C 00000000        DCD              Remap_UART1_Handler ; 16+ 3: UA
                                                            RT 1 Handler       
                                                                       
   86 00000050 00000000        DCD              Remap_UART2_Handler ; 16+ 4: UA
                                                            RT 2 Handler       
                                                                       
   87 00000054 00000000        DCD              Remap_I2C0_Handler ; 16+ 5: I2C
                                                             0 Handler         
                                                                      
   88 00000058 00000000        DCD              Remap_I2C1_Handler ; 16+ 6: I2C
                                                             1 Handler         
                                                                      
   89 0000005C 00000000        DCD              Remap_PORT0_Handler ; 16+ 7: GP
                                                            IO Port 0 Combined 
                                                            Handler    
   90 00000060 00000000        DCD              Remap_PORT1_Handler ; 16+ 8: GP
                                                            IO Port 1 Combined 
                                                            Handler    
   91 00000064 00000000        DCD              Remap_PORT2_Handler ; 16+ 9: GP
                                                            IO Port 2 Combined 
                                                            Handler    
   92 00000068 00000000        DCD              Remap_PORT3_Handler ; 16+10: GP
                                                            IO Port 3 Combined 
                                                            Handler    
   93 0000006C 00000000        DCD              Remap_DMA_Handler ; 16+11: DMA 
                                                            Combined Handler   
                                                                     
   94 00000070 00000000        DCD              Remap_DUALTIMER0_Handler ; 16+1
                                                            2: Dual timer 0 han
                                                            dler             
   95 00000074 00000000        DCD              Remap_DUALTIMER1_Handler ; 16+1
                                                            3: Dual timer 1 han
                                                            dler            
   96 00000078 00000000        DCD              Remap_PWM0_Handler ; 16+14: PWM
                                                            0 Handler          
                                                                      
   97 0000007C 00000000        DCD              Remap_PWM1_Handler ; 16+15: PWM
                                                            1 Handler          
                                                                      
   98 00000080 00000000        DCD              Remap_PWM2_Handler ; 16+16: PWM
                                                            2 Handler          
                                                                      
   99 00000084 00000000        DCD              Remap_PWM3_Handler ; 16+17: PWM
                                                            3 Handler          
                                                                      
  100 00000088 00000000        DCD              Remap_PWM4_Handler ; 16+18: PWM
                                                            4 Handler          
                                                                      



ARM Macro Assembler    Page 4 


  101 0000008C 00000000        DCD              Remap_PWM5_Handler ; 16+19: PWM
                                                            5 Handler          
                                                                      
  102 00000090 00000000        DCD              Remap_PWM6_Handler ; 16+20: PWM
                                                            6 Handler          
                                                                      
  103 00000094 00000000        DCD              Remap_PWM7_Handler ; 16+21: PWM
                                                            7 Handler          
                                                                      
  104 00000098 00000000        DCD              Remap_RTC_Handler ; 16+22: RTC 
                                                            Handler            
                                                                     
  105 0000009C 00000000        DCD              Remap_ADC_Handler ; 16+23: ADC 
                                                            Handler            
                                                                     
  106 000000A0 00000000        DCD              Remap_WZTOE_Handler ; 16+24: WZ
                                                            TOE_Handler        
                                                                       
  107 000000A4 00000000        DCD              Remap_EXTI_Handler ; 16+25: EXT
                                                            I_Handler          
                                                             
  108 000000A8         __Vectors_End
  109 000000A8         
  110 000000A8 000000A8 
                       __Vectors_Size
                               EQU              __Vectors_End - __Vectors
  111 000000A8         
  112 000000A8                 AREA             |.text|, CODE, READONLY
  113 00000000         
  114 00000000         
  115 00000000         ; Reset Handler
  116 00000000         
  117 00000000         Reset_Handler
                               PROC
  118 00000000                 EXPORT           Reset_Handler             [WEAK
]
  119 00000000                 IMPORT           SystemInit
  120 00000000                 IMPORT           __main
  121 00000000 4807            LDR              R0, =SystemInit
  122 00000002 4780            BLX              R0
  123 00000004 4807            LDR              R0, =__main
  124 00000006 4700            BX               R0
  125 00000008                 ENDP
  126 00000008         
  127 00000008         
  128 00000008         ; Dummy Exception Handlers (infinite loops which can be 
                       modified)
  129 00000008         
  130 00000008         Remap_NMI_Handler
                               PROC
  131 00000008                 EXPORT           Remap_NMI_Handler              
 [WEAK]
  132 00000008 E7FE            B                .
  133 0000000A                 ENDP
  134 0000000A         Remap_HardFault_Handler
                               PROC
  135 0000000A                 EXPORT           Remap_HardFault_Handler        
 [WEAK]
  136 0000000A E7FE            B                .



ARM Macro Assembler    Page 5 


  137 0000000C                 ENDP
  138 0000000C         Remap_SVC_Handler
                               PROC
  139 0000000C                 EXPORT           Remap_SVC_Handler              
 [WEAK]
  140 0000000C E7FE            B                .
  141 0000000E                 ENDP
  142 0000000E         Remap_PendSV_Handler
                               PROC
  143 0000000E                 EXPORT           Remap_PendSV_Handler           
 [WEAK]
  144 0000000E E7FE            B                .
  145 00000010                 ENDP
  146 00000010         Remap_SysTick_Handler
                               PROC
  147 00000010                 EXPORT           Remap_SysTick_Handler          
  [WEAK]
  148 00000010 E7FE            B                .
  149 00000012                 ENDP
  150 00000012         Remap_Default_Handler
                               PROC
  151 00000012                 EXPORT           Remap_SSP0_Handler             
  [WEAK]
  152 00000012                 EXPORT           Remap_SSP1_Handler             
  [WEAK]
  153 00000012                 EXPORT           Remap_UART0_Handler            
  [WEAK]
  154 00000012                 EXPORT           Remap_UART1_Handler            
  [WEAK]
  155 00000012                 EXPORT           Remap_UART2_Handler            
  [WEAK]
  156 00000012                 EXPORT           Remap_I2C0_Handler             
  [WEAK]
  157 00000012                 EXPORT           Remap_I2C1_Handler             
  [WEAK]
  158 00000012                 EXPORT           Remap_PORT0_Handler            
  [WEAK]
  159 00000012                 EXPORT           Remap_PORT1_Handler            
  [WEAK]
  160 00000012                 EXPORT           Remap_PORT2_Handler            
  [WEAK]
  161 00000012                 EXPORT           Remap_PORT3_Handler            
  [WEAK]
  162 00000012                 EXPORT           Remap_DMA_Handler              
  [WEAK]
  163 00000012                 EXPORT           Remap_DUALTIMER0_Handler       
  [WEAK]
  164 00000012                 EXPORT           Remap_DUALTIMER1_Handler       
  [WEAK]
  165 00000012                 EXPORT           Remap_PWM0_Handler             
  [WEAK]
  166 00000012                 EXPORT           Remap_PWM1_Handler             
  [WEAK]
  167 00000012                 EXPORT           Remap_PWM2_Handler             
  [WEAK]
  168 00000012                 EXPORT           Remap_PWM3_Handler             
  [WEAK]
  169 00000012                 EXPORT           Remap_PWM4_Handler             
  [WEAK]



ARM Macro Assembler    Page 6 


  170 00000012                 EXPORT           Remap_PWM5_Handler             
  [WEAK]
  171 00000012                 EXPORT           Remap_PWM6_Handler             
  [WEAK]
  172 00000012                 EXPORT           Remap_PWM7_Handler             
  [WEAK]
  173 00000012                 EXPORT           Remap_RTC_Handler              
  [WEAK]
  174 00000012                 EXPORT           Remap_ADC_Handler              
  [WEAK]
  175 00000012                 EXPORT           Remap_WZTOE_Handler            
  [WEAK]
  176 00000012                 EXPORT           Remap_EXTI_Handler             
 [WEAK]
  177 00000012         Remap_SSP0_Handler
  178 00000012         Remap_SSP1_Handler
  179 00000012         Remap_UART0_Handler
  180 00000012         Remap_UART1_Handler
  181 00000012         Remap_UART2_Handler
  182 00000012         Remap_I2C0_Handler
  183 00000012         Remap_I2C1_Handler
  184 00000012         Remap_PORT0_Handler
  185 00000012         Remap_PORT1_Handler
  186 00000012         Remap_PORT2_Handler
  187 00000012         Remap_PORT3_Handler
  188 00000012         Remap_DMA_Handler
  189 00000012         Remap_DUALTIMER0_Handler
  190 00000012         Remap_DUALTIMER1_Handler
  191 00000012         Remap_PWM0_Handler
  192 00000012         Remap_PWM1_Handler
  193 00000012         Remap_PWM2_Handler
  194 00000012         Remap_PWM3_Handler
  195 00000012         Remap_PWM4_Handler
  196 00000012         Remap_PWM5_Handler
  197 00000012         Remap_PWM6_Handler
  198 00000012         Remap_PWM7_Handler
  199 00000012         Remap_RTC_Handler
  200 00000012         Remap_ADC_Handler
  201 00000012         Remap_WZTOE_Handler
  202 00000012         Remap_EXTI_Handler
  203 00000012 E7FE            B                .
  204 00000014                 ENDP
  205 00000014         
  206 00000014         
  207 00000014                 ALIGN
  208 00000014         
  209 00000014         
  210 00000014         ; User Initial Stack & Heap
  211 00000014         
  212 00000014                 IF               :DEF:__MICROLIB
  219 00000014         
  220 00000014                 IMPORT           __use_two_region_memory
  221 00000014                 EXPORT           __user_initial_stackheap
  222 00000014         
  223 00000014         __user_initial_stackheap
                               PROC
  224 00000014 4804            LDR              R0, =  Heap_Mem
  225 00000016 4905            LDR              R1, =(Stack_Mem + Stack_Size)
  226 00000018 4A05            LDR              R2, = (Heap_Mem +  Heap_Size)



ARM Macro Assembler    Page 7 


  227 0000001A 4B06            LDR              R3, = Stack_Mem
  228 0000001C 4770            BX               LR
  229 0000001E                 ENDP
  230 0000001E         
  231 0000001E 00 00           ALIGN
  232 00000020         
  233 00000020                 ENDIF
  234 00000020         
  235 00000020         
  236 00000020                 END
              00000000 
              00000000 
              00000000 
              00000800 
              00000400 
              00000000 
Command Line: --debug --xref --diag_suppress=9931 --cpu=Cortex-M0 --apcs=interw
ork --depend=.\obj\startup_w7500x.d -o.\obj\startup_w7500x.o -IC:\Keil_v5\ARM\R
V31\INC -IC:\Keil_v5\ARM\CMSIS\Include --predefine="__UVISION_VERSION SETA 528"
 --list=.\lst\startup_w7500x.lst ..\..\Libraries\CMSIS\Device\WIZnet\W7500\Sour
ce\ARM\startup_W7500x.s



ARM Macro Assembler    Page 1 Alphabetic symbol ordering
Relocatable symbols

STACK 00000000

Symbol: STACK
   Definitions
      At line 38 in file ..\..\Libraries\CMSIS\Device\WIZnet\W7500\Source\ARM\s
tartup_W7500x.s
   Uses
      None
Comment: STACK unused
Stack_Mem 00000000

Symbol: Stack_Mem
   Definitions
      At line 39 in file ..\..\Libraries\CMSIS\Device\WIZnet\W7500\Source\ARM\s
tartup_W7500x.s
   Uses
      At line 225 in file ..\..\Libraries\CMSIS\Device\WIZnet\W7500\Source\ARM\
startup_W7500x.s
      At line 227 in file ..\..\Libraries\CMSIS\Device\WIZnet\W7500\Source\ARM\
startup_W7500x.s

__initial_sp 00000800

Symbol: __initial_sp
   Definitions
      At line 40 in file ..\..\Libraries\CMSIS\Device\WIZnet\W7500\Source\ARM\s
tartup_W7500x.s
   Uses
      At line 66 in file ..\..\Libraries\CMSIS\Device\WIZnet\W7500\Source\ARM\s
tartup_W7500x.s
Comment: __initial_sp used once
3 symbols



ARM Macro Assembler    Page 1 Alphabetic symbol ordering
Relocatable symbols

HEAP 00000000

Symbol: HEAP
   Definitions
      At line 49 in file ..\..\Libraries\CMSIS\Device\WIZnet\W7500\Source\ARM\s
tartup_W7500x.s
   Uses
      None
Comment: HEAP unused
Heap_Mem 00000000

Symbol: Heap_Mem
   Definitions
      At line 51 in file ..\..\Libraries\CMSIS\Device\WIZnet\W7500\Source\ARM\s
tartup_W7500x.s
   Uses
      At line 224 in file ..\..\Libraries\CMSIS\Device\WIZnet\W7500\Source\ARM\
startup_W7500x.s
      At line 226 in file ..\..\Libraries\CMSIS\Device\WIZnet\W7500\Source\ARM\
startup_W7500x.s

__heap_base 00000000

Symbol: __heap_base
   Definitions
      At line 50 in file ..\..\Libraries\CMSIS\Device\WIZnet\W7500\Source\ARM\s
tartup_W7500x.s
   Uses
      None
Comment: __heap_base unused
__heap_limit 00000400

Symbol: __heap_limit
   Definitions
      At line 52 in file ..\..\Libraries\CMSIS\Device\WIZnet\W7500\Source\ARM\s
tartup_W7500x.s
   Uses
      None
Comment: __heap_limit unused
4 symbols



ARM Macro Assembler    Page 1 Alphabetic symbol ordering
Relocatable symbols

RESET 00000000

Symbol: RESET
   Definitions
      At line 61 in file ..\..\Libraries\CMSIS\Device\WIZnet\W7500\Source\ARM\s
tartup_W7500x.s
   Uses
      None
Comment: RESET unused
__Vectors 00000000

Symbol: __Vectors
   Definitions
      At line 66 in file ..\..\Libraries\CMSIS\Device\WIZnet\W7500\Source\ARM\s
tartup_W7500x.s
   Uses
      At line 62 in file ..\..\Libraries\CMSIS\Device\WIZnet\W7500\Source\ARM\s
tartup_W7500x.s
      At line 110 in file ..\..\Libraries\CMSIS\Device\WIZnet\W7500\Source\ARM\
startup_W7500x.s

__Vectors_End 000000A8

Symbol: __Vectors_End
   Definitions
      At line 108 in file ..\..\Libraries\CMSIS\Device\WIZnet\W7500\Source\ARM\
startup_W7500x.s
   Uses
      At line 63 in file ..\..\Libraries\CMSIS\Device\WIZnet\W7500\Source\ARM\s
tartup_W7500x.s
      At line 110 in file ..\..\Libraries\CMSIS\Device\WIZnet\W7500\Source\ARM\
startup_W7500x.s

3 symbols



ARM Macro Assembler    Page 1 Alphabetic symbol ordering
Relocatable symbols

.text 00000000

Symbol: .text
   Definitions
      At line 112 in file ..\..\Libraries\CMSIS\Device\WIZnet\W7500\Source\ARM\
startup_W7500x.s
   Uses
      None
Comment: .text unused
Remap_ADC_Handler 00000012

Symbol: Remap_ADC_Handler
   Definitions
      At line 200 in file ..\..\Libraries\CMSIS\Device\WIZnet\W7500\Source\ARM\
startup_W7500x.s
   Uses
      At line 105 in file ..\..\Libraries\CMSIS\Device\WIZnet\W7500\Source\ARM\
startup_W7500x.s
      At line 174 in file ..\..\Libraries\CMSIS\Device\WIZnet\W7500\Source\ARM\
startup_W7500x.s

Remap_DMA_Handler 00000012

Symbol: Remap_DMA_Handler
   Definitions
      At line 188 in file ..\..\Libraries\CMSIS\Device\WIZnet\W7500\Source\ARM\
startup_W7500x.s
   Uses
      At line 93 in file ..\..\Libraries\CMSIS\Device\WIZnet\W7500\Source\ARM\s
tartup_W7500x.s
      At line 162 in file ..\..\Libraries\CMSIS\Device\WIZnet\W7500\Source\ARM\
startup_W7500x.s

Remap_DUALTIMER0_Handler 00000012

Symbol: Remap_DUALTIMER0_Handler
   Definitions
      At line 189 in file ..\..\Libraries\CMSIS\Device\WIZnet\W7500\Source\ARM\
startup_W7500x.s
   Uses
      At line 94 in file ..\..\Libraries\CMSIS\Device\WIZnet\W7500\Source\ARM\s
tartup_W7500x.s
      At line 163 in file ..\..\Libraries\CMSIS\Device\WIZnet\W7500\Source\ARM\
startup_W7500x.s

Remap_DUALTIMER1_Handler 00000012

Symbol: Remap_DUALTIMER1_Handler
   Definitions
      At line 190 in file ..\..\Libraries\CMSIS\Device\WIZnet\W7500\Source\ARM\
startup_W7500x.s
   Uses
      At line 95 in file ..\..\Libraries\CMSIS\Device\WIZnet\W7500\Source\ARM\s
tartup_W7500x.s
      At line 164 in file ..\..\Libraries\CMSIS\Device\WIZnet\W7500\Source\ARM\
startup_W7500x.s

Remap_Default_Handler 00000012




ARM Macro Assembler    Page 2 Alphabetic symbol ordering
Relocatable symbols

Symbol: Remap_Default_Handler
   Definitions
      At line 150 in file ..\..\Libraries\CMSIS\Device\WIZnet\W7500\Source\ARM\
startup_W7500x.s
   Uses
      None
Comment: Remap_Default_Handler unused
Remap_EXTI_Handler 00000012

Symbol: Remap_EXTI_Handler
   Definitions
      At line 202 in file ..\..\Libraries\CMSIS\Device\WIZnet\W7500\Source\ARM\
startup_W7500x.s
   Uses
      At line 107 in file ..\..\Libraries\CMSIS\Device\WIZnet\W7500\Source\ARM\
startup_W7500x.s
      At line 176 in file ..\..\Libraries\CMSIS\Device\WIZnet\W7500\Source\ARM\
startup_W7500x.s

Remap_HardFault_Handler 0000000A

Symbol: Remap_HardFault_Handler
   Definitions
      At line 134 in file ..\..\Libraries\CMSIS\Device\WIZnet\W7500\Source\ARM\
startup_W7500x.s
   Uses
      At line 69 in file ..\..\Libraries\CMSIS\Device\WIZnet\W7500\Source\ARM\s
tartup_W7500x.s
      At line 135 in file ..\..\Libraries\CMSIS\Device\WIZnet\W7500\Source\ARM\
startup_W7500x.s

Remap_I2C0_Handler 00000012

Symbol: Remap_I2C0_Handler
   Definitions
      At line 182 in file ..\..\Libraries\CMSIS\Device\WIZnet\W7500\Source\ARM\
startup_W7500x.s
   Uses
      At line 87 in file ..\..\Libraries\CMSIS\Device\WIZnet\W7500\Source\ARM\s
tartup_W7500x.s
      At line 156 in file ..\..\Libraries\CMSIS\Device\WIZnet\W7500\Source\ARM\
startup_W7500x.s

Remap_I2C1_Handler 00000012

Symbol: Remap_I2C1_Handler
   Definitions
      At line 183 in file ..\..\Libraries\CMSIS\Device\WIZnet\W7500\Source\ARM\
startup_W7500x.s
   Uses
      At line 88 in file ..\..\Libraries\CMSIS\Device\WIZnet\W7500\Source\ARM\s
tartup_W7500x.s
      At line 157 in file ..\..\Libraries\CMSIS\Device\WIZnet\W7500\Source\ARM\
startup_W7500x.s

Remap_NMI_Handler 00000008

Symbol: Remap_NMI_Handler
   Definitions



ARM Macro Assembler    Page 3 Alphabetic symbol ordering
Relocatable symbols

      At line 130 in file ..\..\Libraries\CMSIS\Device\WIZnet\W7500\Source\ARM\
startup_W7500x.s
   Uses
      At line 68 in file ..\..\Libraries\CMSIS\Device\WIZnet\W7500\Source\ARM\s
tartup_W7500x.s
      At line 131 in file ..\..\Libraries\CMSIS\Device\WIZnet\W7500\Source\ARM\
startup_W7500x.s

Remap_PORT0_Handler 00000012

Symbol: Remap_PORT0_Handler
   Definitions
      At line 184 in file ..\..\Libraries\CMSIS\Device\WIZnet\W7500\Source\ARM\
startup_W7500x.s
   Uses
      At line 89 in file ..\..\Libraries\CMSIS\Device\WIZnet\W7500\Source\ARM\s
tartup_W7500x.s
      At line 158 in file ..\..\Libraries\CMSIS\Device\WIZnet\W7500\Source\ARM\
startup_W7500x.s

Remap_PORT1_Handler 00000012

Symbol: Remap_PORT1_Handler
   Definitions
      At line 185 in file ..\..\Libraries\CMSIS\Device\WIZnet\W7500\Source\ARM\
startup_W7500x.s
   Uses
      At line 90 in file ..\..\Libraries\CMSIS\Device\WIZnet\W7500\Source\ARM\s
tartup_W7500x.s
      At line 159 in file ..\..\Libraries\CMSIS\Device\WIZnet\W7500\Source\ARM\
startup_W7500x.s

Remap_PORT2_Handler 00000012

Symbol: Remap_PORT2_Handler
   Definitions
      At line 186 in file ..\..\Libraries\CMSIS\Device\WIZnet\W7500\Source\ARM\
startup_W7500x.s
   Uses
      At line 91 in file ..\..\Libraries\CMSIS\Device\WIZnet\W7500\Source\ARM\s
tartup_W7500x.s
      At line 160 in file ..\..\Libraries\CMSIS\Device\WIZnet\W7500\Source\ARM\
startup_W7500x.s

Remap_PORT3_Handler 00000012

Symbol: Remap_PORT3_Handler
   Definitions
      At line 187 in file ..\..\Libraries\CMSIS\Device\WIZnet\W7500\Source\ARM\
startup_W7500x.s
   Uses
      At line 92 in file ..\..\Libraries\CMSIS\Device\WIZnet\W7500\Source\ARM\s
tartup_W7500x.s
      At line 161 in file ..\..\Libraries\CMSIS\Device\WIZnet\W7500\Source\ARM\
startup_W7500x.s

Remap_PWM0_Handler 00000012

Symbol: Remap_PWM0_Handler



ARM Macro Assembler    Page 4 Alphabetic symbol ordering
Relocatable symbols

   Definitions
      At line 191 in file ..\..\Libraries\CMSIS\Device\WIZnet\W7500\Source\ARM\
startup_W7500x.s
   Uses
      At line 96 in file ..\..\Libraries\CMSIS\Device\WIZnet\W7500\Source\ARM\s
tartup_W7500x.s
      At line 165 in file ..\..\Libraries\CMSIS\Device\WIZnet\W7500\Source\ARM\
startup_W7500x.s

Remap_PWM1_Handler 00000012

Symbol: Remap_PWM1_Handler
   Definitions
      At line 192 in file ..\..\Libraries\CMSIS\Device\WIZnet\W7500\Source\ARM\
startup_W7500x.s
   Uses
      At line 97 in file ..\..\Libraries\CMSIS\Device\WIZnet\W7500\Source\ARM\s
tartup_W7500x.s
      At line 166 in file ..\..\Libraries\CMSIS\Device\WIZnet\W7500\Source\ARM\
startup_W7500x.s

Remap_PWM2_Handler 00000012

Symbol: Remap_PWM2_Handler
   Definitions
      At line 193 in file ..\..\Libraries\CMSIS\Device\WIZnet\W7500\Source\ARM\
startup_W7500x.s
   Uses
      At line 98 in file ..\..\Libraries\CMSIS\Device\WIZnet\W7500\Source\ARM\s
tartup_W7500x.s
      At line 167 in file ..\..\Libraries\CMSIS\Device\WIZnet\W7500\Source\ARM\
startup_W7500x.s

Remap_PWM3_Handler 00000012

Symbol: Remap_PWM3_Handler
   Definitions
      At line 194 in file ..\..\Libraries\CMSIS\Device\WIZnet\W7500\Source\ARM\
startup_W7500x.s
   Uses
      At line 99 in file ..\..\Libraries\CMSIS\Device\WIZnet\W7500\Source\ARM\s
tartup_W7500x.s
      At line 168 in file ..\..\Libraries\CMSIS\Device\WIZnet\W7500\Source\ARM\
startup_W7500x.s

Remap_PWM4_Handler 00000012

Symbol: Remap_PWM4_Handler
   Definitions
      At line 195 in file ..\..\Libraries\CMSIS\Device\WIZnet\W7500\Source\ARM\
startup_W7500x.s
   Uses
      At line 100 in file ..\..\Libraries\CMSIS\Device\WIZnet\W7500\Source\ARM\
startup_W7500x.s
      At line 169 in file ..\..\Libraries\CMSIS\Device\WIZnet\W7500\Source\ARM\
startup_W7500x.s

Remap_PWM5_Handler 00000012




ARM Macro Assembler    Page 5 Alphabetic symbol ordering
Relocatable symbols

Symbol: Remap_PWM5_Handler
   Definitions
      At line 196 in file ..\..\Libraries\CMSIS\Device\WIZnet\W7500\Source\ARM\
startup_W7500x.s
   Uses
      At line 101 in file ..\..\Libraries\CMSIS\Device\WIZnet\W7500\Source\ARM\
startup_W7500x.s
      At line 170 in file ..\..\Libraries\CMSIS\Device\WIZnet\W7500\Source\ARM\
startup_W7500x.s

Remap_PWM6_Handler 00000012

Symbol: Remap_PWM6_Handler
   Definitions
      At line 197 in file ..\..\Libraries\CMSIS\Device\WIZnet\W7500\Source\ARM\
startup_W7500x.s
   Uses
      At line 102 in file ..\..\Libraries\CMSIS\Device\WIZnet\W7500\Source\ARM\
startup_W7500x.s
      At line 171 in file ..\..\Libraries\CMSIS\Device\WIZnet\W7500\Source\ARM\
startup_W7500x.s

Remap_PWM7_Handler 00000012

Symbol: Remap_PWM7_Handler
   Definitions
      At line 198 in file ..\..\Libraries\CMSIS\Device\WIZnet\W7500\Source\ARM\
startup_W7500x.s
   Uses
      At line 103 in file ..\..\Libraries\CMSIS\Device\WIZnet\W7500\Source\ARM\
startup_W7500x.s
      At line 172 in file ..\..\Libraries\CMSIS\Device\WIZnet\W7500\Source\ARM\
startup_W7500x.s

Remap_PendSV_Handler 0000000E

Symbol: Remap_PendSV_Handler
   Definitions
      At line 142 in file ..\..\Libraries\CMSIS\Device\WIZnet\W7500\Source\ARM\
startup_W7500x.s
   Uses
      At line 80 in file ..\..\Libraries\CMSIS\Device\WIZnet\W7500\Source\ARM\s
tartup_W7500x.s
      At line 143 in file ..\..\Libraries\CMSIS\Device\WIZnet\W7500\Source\ARM\
startup_W7500x.s

Remap_RTC_Handler 00000012

Symbol: Remap_RTC_Handler
   Definitions
      At line 199 in file ..\..\Libraries\CMSIS\Device\WIZnet\W7500\Source\ARM\
startup_W7500x.s
   Uses
      At line 104 in file ..\..\Libraries\CMSIS\Device\WIZnet\W7500\Source\ARM\
startup_W7500x.s
      At line 173 in file ..\..\Libraries\CMSIS\Device\WIZnet\W7500\Source\ARM\
startup_W7500x.s

Remap_SSP0_Handler 00000012



ARM Macro Assembler    Page 6 Alphabetic symbol ordering
Relocatable symbols


Symbol: Remap_SSP0_Handler
   Definitions
      At line 177 in file ..\..\Libraries\CMSIS\Device\WIZnet\W7500\Source\ARM\
startup_W7500x.s
   Uses
      At line 82 in file ..\..\Libraries\CMSIS\Device\WIZnet\W7500\Source\ARM\s
tartup_W7500x.s
      At line 151 in file ..\..\Libraries\CMSIS\Device\WIZnet\W7500\Source\ARM\
startup_W7500x.s

Remap_SSP1_Handler 00000012

Symbol: Remap_SSP1_Handler
   Definitions
      At line 178 in file ..\..\Libraries\CMSIS\Device\WIZnet\W7500\Source\ARM\
startup_W7500x.s
   Uses
      At line 83 in file ..\..\Libraries\CMSIS\Device\WIZnet\W7500\Source\ARM\s
tartup_W7500x.s
      At line 152 in file ..\..\Libraries\CMSIS\Device\WIZnet\W7500\Source\ARM\
startup_W7500x.s

Remap_SVC_Handler 0000000C

Symbol: Remap_SVC_Handler
   Definitions
      At line 138 in file ..\..\Libraries\CMSIS\Device\WIZnet\W7500\Source\ARM\
startup_W7500x.s
   Uses
      At line 77 in file ..\..\Libraries\CMSIS\Device\WIZnet\W7500\Source\ARM\s
tartup_W7500x.s
      At line 139 in file ..\..\Libraries\CMSIS\Device\WIZnet\W7500\Source\ARM\
startup_W7500x.s

Remap_SysTick_Handler 00000010

Symbol: Remap_SysTick_Handler
   Definitions
      At line 146 in file ..\..\Libraries\CMSIS\Device\WIZnet\W7500\Source\ARM\
startup_W7500x.s
   Uses
      At line 81 in file ..\..\Libraries\CMSIS\Device\WIZnet\W7500\Source\ARM\s
tartup_W7500x.s
      At line 147 in file ..\..\Libraries\CMSIS\Device\WIZnet\W7500\Source\ARM\
startup_W7500x.s

Remap_UART0_Handler 00000012

Symbol: Remap_UART0_Handler
   Definitions
      At line 179 in file ..\..\Libraries\CMSIS\Device\WIZnet\W7500\Source\ARM\
startup_W7500x.s
   Uses
      At line 84 in file ..\..\Libraries\CMSIS\Device\WIZnet\W7500\Source\ARM\s
tartup_W7500x.s
      At line 153 in file ..\..\Libraries\CMSIS\Device\WIZnet\W7500\Source\ARM\
startup_W7500x.s




ARM Macro Assembler    Page 7 Alphabetic symbol ordering
Relocatable symbols

Remap_UART1_Handler 00000012

Symbol: Remap_UART1_Handler
   Definitions
      At line 180 in file ..\..\Libraries\CMSIS\Device\WIZnet\W7500\Source\ARM\
startup_W7500x.s
   Uses
      At line 85 in file ..\..\Libraries\CMSIS\Device\WIZnet\W7500\Source\ARM\s
tartup_W7500x.s
      At line 154 in file ..\..\Libraries\CMSIS\Device\WIZnet\W7500\Source\ARM\
startup_W7500x.s

Remap_UART2_Handler 00000012

Symbol: Remap_UART2_Handler
   Definitions
      At line 181 in file ..\..\Libraries\CMSIS\Device\WIZnet\W7500\Source\ARM\
startup_W7500x.s
   Uses
      At line 86 in file ..\..\Libraries\CMSIS\Device\WIZnet\W7500\Source\ARM\s
tartup_W7500x.s
      At line 155 in file ..\..\Libraries\CMSIS\Device\WIZnet\W7500\Source\ARM\
startup_W7500x.s

Remap_WZTOE_Handler 00000012

Symbol: Remap_WZTOE_Handler
   Definitions
      At line 201 in file ..\..\Libraries\CMSIS\Device\WIZnet\W7500\Source\ARM\
startup_W7500x.s
   Uses
      At line 106 in file ..\..\Libraries\CMSIS\Device\WIZnet\W7500\Source\ARM\
startup_W7500x.s
      At line 175 in file ..\..\Libraries\CMSIS\Device\WIZnet\W7500\Source\ARM\
startup_W7500x.s

Reset_Handler 00000000

Symbol: Reset_Handler
   Definitions
      At line 117 in file ..\..\Libraries\CMSIS\Device\WIZnet\W7500\Source\ARM\
startup_W7500x.s
   Uses
      At line 67 in file ..\..\Libraries\CMSIS\Device\WIZnet\W7500\Source\ARM\s
tartup_W7500x.s
      At line 118 in file ..\..\Libraries\CMSIS\Device\WIZnet\W7500\Source\ARM\
startup_W7500x.s

__user_initial_stackheap 00000014

Symbol: __user_initial_stackheap
   Definitions
      At line 223 in file ..\..\Libraries\CMSIS\Device\WIZnet\W7500\Source\ARM\
startup_W7500x.s
   Uses
      At line 221 in file ..\..\Libraries\CMSIS\Device\WIZnet\W7500\Source\ARM\
startup_W7500x.s
Comment: __user_initial_stackheap used once
35 symbols



ARM Macro Assembler    Page 1 Alphabetic symbol ordering
Absolute symbols

Heap_Size 00000400

Symbol: Heap_Size
   Definitions
      At line 47 in file ..\..\Libraries\CMSIS\Device\WIZnet\W7500\Source\ARM\s
tartup_W7500x.s
   Uses
      At line 51 in file ..\..\Libraries\CMSIS\Device\WIZnet\W7500\Source\ARM\s
tartup_W7500x.s
      At line 226 in file ..\..\Libraries\CMSIS\Device\WIZnet\W7500\Source\ARM\
startup_W7500x.s

Stack_Size 00000800

Symbol: Stack_Size
   Definitions
      At line 36 in file ..\..\Libraries\CMSIS\Device\WIZnet\W7500\Source\ARM\s
tartup_W7500x.s
   Uses
      At line 39 in file ..\..\Libraries\CMSIS\Device\WIZnet\W7500\Source\ARM\s
tartup_W7500x.s
      At line 225 in file ..\..\Libraries\CMSIS\Device\WIZnet\W7500\Source\ARM\
startup_W7500x.s

__Vectors_Size 000000A8

Symbol: __Vectors_Size
   Definitions
      At line 110 in file ..\..\Libraries\CMSIS\Device\WIZnet\W7500\Source\ARM\
startup_W7500x.s
   Uses
      At line 64 in file ..\..\Libraries\CMSIS\Device\WIZnet\W7500\Source\ARM\s
tartup_W7500x.s
Comment: __Vectors_Size used once
3 symbols



ARM Macro Assembler    Page 1 Alphabetic symbol ordering
External symbols

SystemInit 00000000

Symbol: SystemInit
   Definitions
      At line 119 in file ..\..\Libraries\CMSIS\Device\WIZnet\W7500\Source\ARM\
startup_W7500x.s
   Uses
      At line 121 in file ..\..\Libraries\CMSIS\Device\WIZnet\W7500\Source\ARM\
startup_W7500x.s
Comment: SystemInit used once
__main 00000000

Symbol: __main
   Definitions
      At line 120 in file ..\..\Libraries\CMSIS\Device\WIZnet\W7500\Source\ARM\
startup_W7500x.s
   Uses
      At line 123 in file ..\..\Libraries\CMSIS\Device\WIZnet\W7500\Source\ARM\
startup_W7500x.s
Comment: __main used once
__use_two_region_memory 00000000

Symbol: __use_two_region_memory
   Definitions
      At line 220 in file ..\..\Libraries\CMSIS\Device\WIZnet\W7500\Source\ARM\
startup_W7500x.s
   Uses
      None
Comment: __use_two_region_memory unused
3 symbols
386 symbols in table
